<?xml version="1.0" encoding="UTF-8"?>
<testng-results skipped="0" failed="0" ignored="0" total="1" passed="1">
  <reporter-output>
  </reporter-output>
  <suite name="Default suite" duration-ms="13542" started-at="2021-03-05T14:12:24 EST" finished-at="2021-03-05T14:12:38 EST">
    <groups>
    </groups>
    <test name="Default test" duration-ms="13542" started-at="2021-03-05T14:12:24 EST" finished-at="2021-03-05T14:12:38 EST">
      <class name="test.AddCustomerTest">
        <test-method status="PASS" signature="validUserShouldBeAbleToAddCustomer()[pri:0, instance:test.AddCustomerTest@6a6cb05c]" name="validUserShouldBeAbleToAddCustomer" duration-ms="13515" started-at="2021-03-05T14:12:24 EST" finished-at="2021-03-05T14:12:38 EST">
          <reporter-output>
          </reporter-output>
        </test-method> <!-- validUserShouldBeAbleToAddCustomer -->
      </class> <!-- test.AddCustomerTest -->
    </test> <!-- Default test -->
  </suite> <!-- Default suite -->
</testng-results>
